<?xml version="1.0" encoding="UTF-8"?>
<!-- Generated by org.testng.reporters.JUnitReportReporter -->
<testsuite skipped="0" hostname="krish" name="pack2.c3" tests="1" failures="0" timestamp="2023-03-04T08:31:08 IST" time="11.228" errors="0">
  <testcase name="t3" time="11.228" classname="pack2.c3"/>
  <system-out/>
</testsuite> <!-- pack2.c3 -->
