<?xml version="1.0" encoding="UTF-8"?>
<!-- Generated by org.testng.reporters.JUnitReportReporter -->
<testsuite skipped="0" hostname="krish" name="dataprovider.c1" tests="3" failures="0" timestamp="2023-03-05T08:03:55 IST" time="21.285" errors="0">
  <testcase name="DataProvSampleTest" time="6.181" classname="dataprovider.c1"/>
  <system-out/>
  <testcase name="DataProvSampleTest" time="8.919" classname="dataprovider.c1"/>
  <system-out/>
  <testcase name="DataProvSampleTest" time="6.185" classname="dataprovider.c1"/>
  <system-out/>
</testsuite> <!-- dataprovider.c1 -->
