<?xml version="1.0" encoding="UTF-8"?>
<!-- Generated by org.testng.reporters.JUnitReportReporter -->
<testsuite skipped="0" hostname="krish" name="auotoit.f1" tests="1" failures="0" timestamp="2023-03-11T08:20:21 IST" time="10.855" errors="0">
  <testcase name="t1" time="10.855" classname="auotoit.f1"/>
  <system-out/>
</testsuite> <!-- auotoit.f1 -->
