<?xml version="1.0" encoding="UTF-8"?>
<!-- Generated by org.testng.reporters.JUnitReportReporter -->
<testsuite skipped="0" hostname="krish" name="pack1.c2" tests="1" failures="0" timestamp="2023-03-04T08:48:28 IST" time="8.531" errors="0">
  <testcase name="t2" time="8.531" classname="pack1.c2"/>
  <system-out/>
</testsuite> <!-- pack1.c2 -->
