<?xml version="1.0" encoding="UTF-8"?>
<!-- Generated by org.testng.reporters.JUnitReportReporter -->
<testsuite skipped="0" hostname="krish" name="extentt.e1" tests="1" failures="0" timestamp="2023-03-05T08:23:40 IST" time="3.823" errors="0">
  <testcase name="extentReportsDemo" time="3.823" classname="extentt.e1"/>
  <system-out/>
</testsuite> <!-- extentt.e1 -->
