<?xml version="1.0" encoding="UTF-8"?>
<!-- Generated by org.testng.reporters.JUnitReportReporter -->
<testsuite skipped="0" hostname="krish" name="excel.e1" tests="1" failures="0" timestamp="2023-03-04T09:16:03 IST" time="0.503" errors="0">
  <testcase name="r1" time="0.503" classname="excel.e1"/>
  <system-out/>
</testsuite> <!-- excel.e1 -->
